# ---------------------------------------------------------------------------------
# Created on Fri Apr 24 23:02:35 PDT 2026 with report_failfast (2023.09.14)
# ---------------------------------------------------------------------------------

#  +-----------------------------------------------------------------------------------------+
#  | Design Summary                                                                          |
#  | checkpoint_SiFive_CoreIPSubsystem_opt                                                   |
#  | xcvu9p-flga2104-2L-e                                                                    |
#  +-----------------------------------------------------------+-----------+--------+--------+
#  | Criteria                                                  | Guideline | Actual | Status |
#  +-----------------------------------------------------------+-----------+--------+--------+
#  | LUT                                                       | 70%       | 6.86%  | OK     |
#  | FD                                                        | 50%       | 1.83%  | OK     |
#  | LUTRAM+SRL                                                | 25%       | 0.34%  | OK     |
#  | CARRY8                                                    | 25%       | 0.64%  | OK     |
#  | MUXF7                                                     | 15%       | 0.60%  | OK     |
#  | DSP                                                       | 80%       | 0.29%  | OK     |
#  | RAMB/FIFO                                                 | 80%       | 1.67%  | OK     |
#  | URAM                                                      | 80%       | 0.63%  | OK     |
#  | DSP+RAMB+URAM (Avg)                                       | 70%       | 0.86%  | OK     |
#  | BUFGCE* + BUFGCTRL                                        | 24        | 0      | OK     |
#  | DONT_TOUCH (cells/nets)                                   | 0         | 0      | OK     |
#  | MARK_DEBUG (nets)                                         | 0         | 0      | OK     |
#  | Control Sets                                              | 22167     | 1796   | OK     |
#  | Average Fanout for modules > 100k cells                   | 4         | 3.49   | OK     |
#  | Max Average Fanout for modules > 100k cells               | 4         | 3.49   | OK     |
#  | Non-FD high fanout nets > 10k loads                       | 0         | 1      | REVIEW |
#  +-----------------------------------------------------------+-----------+--------+--------+
#  | TIMING-6 (No common primary clock between related clocks) | 0         | 0      | OK     |
#  | TIMING-7 (No common node between related clocks)          | 0         | 0      | OK     |
#  | TIMING-8 (No common period between related clocks)        | 0         | 0      | OK     |
#  | TIMING-14 (LUT on the clock tree)                         | 0         | 0      | OK     |
#  | TIMING-35 (No common node in paths with the same clock)   | 0         | 0      | OK     |
#  +-----------------------------------------------------------+-----------+--------+--------+
#  | Number of paths above max LUT budgeting (0.300ns)         | 0         | 0      | OK     |
#  | Number of paths above max Net budgeting (0.208ns)         | 0         | 0      | OK     |
#  +-----------------------------------------------------------+-----------+--------+--------+

