Copyright 1986-2022 Xilinx, Inc. All Rights Reserved. Copyright 2022-2023 Advanced Micro Devices, Inc. All Rights Reserved.
---------------------------------------------------------------------------------------------------------------------------------------------------------------
| Tool Version : Vivado v.2023.2 (lin64) Build 4029153 Fri Oct 13 20:13:54 MDT 2023
| Date         : Fri Apr 24 23:02:53 2026
| Host         : lambda135.internal.sifive.com running 64-bit Red Hat Enterprise Linux release 8.10 (Ootpa)
| Command      : report_design_analysis -logic_level_distribution -file /home/wzhang/Desktop/tool/vivado-design-assist/.vmc/reports/opt/vm_logic_level_opt.rpt
| Design       : SiFive_CoreIPSubsystem
| Device       : xcvu9p
| Design State : Synthesized
---------------------------------------------------------------------------------------------------------------------------------------------------------------

Report Design Analysis

Table of Contents
-----------------
1. Logic Level Distribution

1. Logic Level Distribution
---------------------------

+-----------------+-------------+-----+-----+-----+
| End Point Clock | Requirement |  21 |  22 |  23 |
+-----------------+-------------+-----+-----+-----+
| (none)          | 0.000ns     | 342 | 168 | 490 |
+-----------------+-------------+-----+-----+-----+
* Columns represent the logic levels per end point clock
** Distribution is for top worst 1000 paths


