Copyright 1986-2022 Xilinx, Inc. All Rights Reserved. Copyright 2022-2023 Advanced Micro Devices, Inc. All Rights Reserved.
--------------------------------------------------------------------------------------------------------------------------------------------------
| Tool Version      : Vivado v.2023.2 (lin64) Build 4029153 Fri Oct 13 20:13:54 MDT 2023
| Date              : Fri Apr 24 23:00:08 2026
| Host              : lambda135.internal.sifive.com running 64-bit Red Hat Enterprise Linux release 8.10 (Ootpa)
| Command           : report_timing_summary -max_paths 10 -file /home/wzhang/Desktop/tool/vivado-design-assist/.vmc/reports/opt/vm_timing_opt.rpt
| Design            : SiFive_CoreIPSubsystem
| Device            : xcvu9p-flga2104
| Speed File        : -2L  PRODUCTION 1.28 03-30-2022
| Design State      : Optimized
| Temperature Grade : E
--------------------------------------------------------------------------------------------------------------------------------------------------

Timing Summary Report

------------------------------------------------------------------------------------------------
| Timer Settings
| --------------
------------------------------------------------------------------------------------------------

  Enable Multi Corner Analysis               :  Yes
  Enable Pessimism Removal                   :  Yes
  Pessimism Removal Resolution               :  Nearest Common Node
  Enable Input Delay Default Clock           :  No
  Enable Preset / Clear Arcs                 :  No
  Disable Flight Delays                      :  No
  Ignore I/O Paths                           :  No
  Timing Early Launch at Borrowing Latches   :  No
  Borrow Time for Max Delay Exceptions       :  Yes
  Merge Timing Exceptions                    :  Yes
  Inter-SLR Compensation                     :  Conservative

  Corner  Analyze    Analyze    
  Name    Max Paths  Min Paths  
  ------  ---------  ---------  
  Slow    Yes        Yes        
  Fast    Yes        Yes        


------------------------------------------------------------------------------------------------
| Report Methodology
| ------------------
------------------------------------------------------------------------------------------------

No report available as report_methodology has not been run prior. Run report_methodology on the current design for the summary of methodology violations.



check_timing report

Table of Contents
-----------------
1. checking no_clock (108586)
2. checking constant_clock (0)
3. checking pulse_width_clock (0)
4. checking unconstrained_internal_endpoints (109055)
5. checking no_input_delay (744)
6. checking no_output_delay (564)
7. checking multiple_clock (0)
8. checking generated_clocks (0)
9. checking loops (0)
10. checking partial_input_delay (0)
11. checking partial_output_delay (0)
12. checking latch_loops (0)

1. checking no_clock (108586)
-----------------------------
 There are 16713 register/latch pins with no clock driven by root clock pin: clock (HIGH)

 There are 880 register/latch pins with no clock driven by root clock pin: debug_clock (HIGH)

 There are 329 register/latch pins with no clock driven by root clock pin: debug_systemjtag_jtag_TCK (HIGH)

 There are 10727 register/latch pins with no clock driven by root clock pin: external_source_for_core_0_clock (HIGH)

 There are 10727 register/latch pins with no clock driven by root clock pin: external_source_for_core_1_clock (HIGH)

 There are 2348 register/latch pins with no clock driven by root clock pin: external_source_for_trace_0_clock (HIGH)

 There are 2348 register/latch pins with no clock driven by root clock pin: external_source_for_trace_1_clock (HIGH)

 There are 2675 register/latch pins with no clock driven by root clock pin: external_source_for_trace_com_clock (HIGH)

 There are 1177 register/latch pins with no clock driven by root clock pin: SubsystemIbus/aplicDomainWrapper/aplic/gated_clock_aplic_clock_gate/U_EICG/en_out_reg/Q (HIGH)

 There are 21 register/latch pins with no clock driven by root clock pin: SubsystemMbus/coupler_to_port_named_axi4_mem_port_0/bridge_for_axi4_mem_port_0/axi4deint/writeGatedClock_write_response_buffer_clock_gate/U_EICG/en_out_reg/Q (HIGH)

 There are 40 register/latch pins with no clock driven by root clock pin: SubsystemMbus/coupler_to_port_named_axi4_mem_port_0/bridge_for_axi4_mem_port_0/axi4yank/gatedClockR_Yanker_RChannel_clock_gate/U_EICG/en_out_reg/Q (HIGH)

 There are 32 register/latch pins with no clock driven by root clock pin: SubsystemMbus/coupler_to_port_named_axi4_mem_port_0/bridge_for_axi4_mem_port_0/axi4yank/gatedClockW_Yanker_WChannel_clock_gate/U_EICG/en_out_reg/Q (HIGH)

 There are 23 register/latch pins with no clock driven by root clock pin: SubsystemPrivatePbus/coupler_to_port_named_axi4_periph_port_0/bridge_for_axi4_periph_port_0/axi4yank/gatedClockR_Yanker_RChannel_clock_gate/U_EICG/en_out_reg/Q (HIGH)

 There are 23 register/latch pins with no clock driven by root clock pin: SubsystemPrivatePbus/coupler_to_port_named_axi4_periph_port_0/bridge_for_axi4_periph_port_0/axi4yank/gatedClockW_Yanker_WChannel_clock_gate/U_EICG/en_out_reg/Q (HIGH)

 There are 33 register/latch pins with no clock driven by root clock pin: SubsystemPrivateSbus/coupler_to_port_named_axi4_sys_port_0/bridge_for_axi4_sys_port_0/axi4deint/writeGatedClock_write_response_buffer_clock_gate/U_EICG/en_out_reg/Q (HIGH)

 There are 88 register/latch pins with no clock driven by root clock pin: SubsystemPrivateSbus/coupler_to_port_named_axi4_sys_port_0/bridge_for_axi4_sys_port_0/axi4yank/gatedClockR_Yanker_RChannel_clock_gate/U_EICG/en_out_reg/Q (HIGH)

 There are 57 register/latch pins with no clock driven by root clock pin: SubsystemPrivateSbus/coupler_to_port_named_axi4_sys_port_0/bridge_for_axi4_sys_port_0/axi4yank/gatedClockW_Yanker_WChannel_clock_gate/U_EICG/en_out_reg/Q (HIGH)

 There are 84 register/latch pins with no clock driven by root clock pin: _SubsystemFbus_coupler_from_port_named_axi4_front_port_0/bridge_for_axi4_front_port_0/axi4yank/gatedClockR_Yanker_RChannel_clock_gate/U_EICG/en_out_reg/Q (HIGH)

 There are 84 register/latch pins with no clock driven by root clock pin: _SubsystemFbus_coupler_from_port_named_axi4_front_port_0/bridge_for_axi4_front_port_0/axi4yank/gatedClockW_Yanker_WChannel_clock_gate/U_EICG/en_out_reg/Q (HIGH)

 There are 33 register/latch pins with no clock driven by root clock pin: debugDtmModule/dm/dmInner/dmInner/sbToTLOpt/gatedClock_debug_sba_clock_gate/U_EICG/en_out_reg/Q (HIGH)

 There are 14308 register/latch pins with no clock driven by root clock pin: gatedClockConnector/connector/clockGate/clock_connector_clock_gate_bundle_out_0_clock_clockConnector_clockGate_clock_gate/U_EICG/en_out_reg/Q (HIGH)

 There are 1736 register/latch pins with no clock driven by root clock pin: tile_prci_domain/tile_clock_domain/tile/core/fpu_clock_fpu_clock_gate/U_EICG/en_out_reg/Q (HIGH)

 There are 4078 register/latch pins with no clock driven by root clock pin: tile_prci_domain/tile_clock_domain/tile/core/gated_clock_bullet_clock_gate/U_EICG/en_out_reg/Q (HIGH)

 There are 1082 register/latch pins with no clock driven by root clock pin: tile_prci_domain/tile_clock_domain/tile/dcache/gated_clock_dcache_clock_gate/U_EICG/en_out_reg/Q (HIGH)

 There are 1717 register/latch pins with no clock driven by root clock pin: tile_prci_domain/tile_clock_domain/tile/frontend/gated_clock_icache_clock_gate/U_EICG/en_out_reg/Q (HIGH)

 There are 10723 register/latch pins with no clock driven by root clock pin: tile_prci_domain/tile_clock_domain/tile_clock_domain_glue/rawResetDomain/tileClockGate/tile_bundle_out_0_clock_tile_clock_gate/U_EICG/en_out_reg/Q (HIGH)

 There are 2341 register/latch pins with no clock driven by root clock pin: tile_prci_domain/tile_clock_domain/tile_clock_domain_glue/rawResetDomain/traceFrontend/gatedCoreClock_te_core_clock_gate/U_EICG/en_out_reg/Q (HIGH)

 There are 824 register/latch pins with no clock driven by root clock pin: tile_prci_domain/tile_uncore_domain/traceEncoder/gatedClock_te_clock_gate/U_EICG/en_out_reg/Q (HIGH)

 There are 1736 register/latch pins with no clock driven by root clock pin: tile_prci_domain_1/tile_clock_domain/tile/core/fpu_clock_fpu_clock_gate/U_EICG/en_out_reg/Q (HIGH)

 There are 4078 register/latch pins with no clock driven by root clock pin: tile_prci_domain_1/tile_clock_domain/tile/core/gated_clock_bullet_clock_gate/U_EICG/en_out_reg/Q (HIGH)

 There are 1082 register/latch pins with no clock driven by root clock pin: tile_prci_domain_1/tile_clock_domain/tile/dcache/gated_clock_dcache_clock_gate/U_EICG/en_out_reg/Q (HIGH)

 There are 1717 register/latch pins with no clock driven by root clock pin: tile_prci_domain_1/tile_clock_domain/tile/frontend/gated_clock_icache_clock_gate/U_EICG/en_out_reg/Q (HIGH)

 There are 10723 register/latch pins with no clock driven by root clock pin: tile_prci_domain_1/tile_clock_domain/tile_clock_domain_glue/rawResetDomain/tileClockGate/tile_bundle_out_0_clock_tile_clock_gate/U_EICG/en_out_reg/Q (HIGH)

 There are 2341 register/latch pins with no clock driven by root clock pin: tile_prci_domain_1/tile_clock_domain/tile_clock_domain_glue/rawResetDomain/traceFrontend/gatedCoreClock_te_core_clock_gate/U_EICG/en_out_reg/Q (HIGH)

 There are 824 register/latch pins with no clock driven by root clock pin: tile_prci_domain_1/tile_uncore_domain/traceEncoder/gatedClock_te_clock_gate/U_EICG/en_out_reg/Q (HIGH)

 There are 834 register/latch pins with no clock driven by root clock pin: traceFunnel/gatedClock_tf_clock_gate/U_EICG/en_out_reg/Q (HIGH)


2. checking constant_clock (0)
------------------------------
 There are 0 register/latch pins with constant_clock.


3. checking pulse_width_clock (0)
---------------------------------
 There are 0 register/latch pins which need pulse_width check


4. checking unconstrained_internal_endpoints (109055)
-----------------------------------------------------
 There are 109055 pins that are not constrained for maximum delay. (HIGH)

 There are 0 pins that are not constrained for maximum delay due to constant clock.


5. checking no_input_delay (744)
--------------------------------
 There are 744 input ports with no input delay specified. (HIGH)

 There are 0 input ports with no input delay but user has a false path constraint.


6. checking no_output_delay (564)
---------------------------------
 There are 564 ports with no output delay specified. (HIGH)

 There are 0 ports with no output delay but user has a false path constraint

 There are 0 ports with no output delay but with a timing clock defined on it or propagating through it


7. checking multiple_clock (0)
------------------------------
 There are 0 register/latch pins with multiple clocks.


8. checking generated_clocks (0)
--------------------------------
 There are 0 generated clocks that are not connected to a clock source.


9. checking loops (0)
---------------------
 There are 0 combinational loops in the design.


10. checking partial_input_delay (0)
------------------------------------
 There are 0 input ports with partial input delay specified.


11. checking partial_output_delay (0)
-------------------------------------
 There are 0 ports with partial output delay specified.


12. checking latch_loops (0)
----------------------------
 There are 0 combinational latch loops in the design through latch input



------------------------------------------------------------------------------------------------
| Design Timing Summary
| ---------------------
------------------------------------------------------------------------------------------------

    WNS(ns)      TNS(ns)  TNS Failing Endpoints  TNS Total Endpoints      WHS(ns)      THS(ns)  THS Failing Endpoints  THS Total Endpoints     WPWS(ns)     TPWS(ns)  TPWS Failing Endpoints  TPWS Total Endpoints  
    -------      -------  ---------------------  -------------------      -------      -------  ---------------------  -------------------     --------     --------  ----------------------  --------------------  
         NA           NA                     NA                   NA           NA           NA                     NA                   NA           NA           NA                      NA                    NA  


There are no user specified timing constraints.


------------------------------------------------------------------------------------------------
| Clock Summary
| -------------
------------------------------------------------------------------------------------------------


------------------------------------------------------------------------------------------------
| Intra Clock Table
| -----------------
------------------------------------------------------------------------------------------------

Clock             WNS(ns)      TNS(ns)  TNS Failing Endpoints  TNS Total Endpoints      WHS(ns)      THS(ns)  THS Failing Endpoints  THS Total Endpoints     WPWS(ns)     TPWS(ns)  TPWS Failing Endpoints  TPWS Total Endpoints  
-----             -------      -------  ---------------------  -------------------      -------      -------  ---------------------  -------------------     --------     --------  ----------------------  --------------------  


------------------------------------------------------------------------------------------------
| Inter Clock Table
| -----------------
------------------------------------------------------------------------------------------------

From Clock    To Clock          WNS(ns)      TNS(ns)  TNS Failing Endpoints  TNS Total Endpoints      WHS(ns)      THS(ns)  THS Failing Endpoints  THS Total Endpoints  
----------    --------          -------      -------  ---------------------  -------------------      -------      -------  ---------------------  -------------------  


------------------------------------------------------------------------------------------------
| Other Path Groups Table
| -----------------------
------------------------------------------------------------------------------------------------

Path Group    From Clock    To Clock          WNS(ns)      TNS(ns)  TNS Failing Endpoints  TNS Total Endpoints      WHS(ns)      THS(ns)  THS Failing Endpoints  THS Total Endpoints  
----------    ----------    --------          -------      -------  ---------------------  -------------------      -------      -------  ---------------------  -------------------  


------------------------------------------------------------------------------------------------
| Timing Details
| --------------
------------------------------------------------------------------------------------------------


